<?xml version="1.0" encoding="UTF-8"?>
<testng-results ignored="0" total="11" passed="9" failed="1" skipped="1">
  <reporter-output>
  </reporter-output>
  <suite started-at="2023-01-14T20:23:41 EST" name="Suite" finished-at="2023-01-14T20:26:49 EST" duration-ms="188173">
    <groups>
    </groups>
    <test started-at="2023-01-14T20:23:41 EST" name="CRM application automation test case" finished-at="2023-01-14T20:26:49 EST" duration-ms="188173">
      <class name="testcases.ContactsPageTest">
        <test-method is-config="true" signature="setUp()[pri:0, instance:testcases.ContactsPageTest@243c4f91]" started-at="2023-01-14T20:26:09 EST" name="setUp" finished-at="2023-01-14T20:26:27 EST" duration-ms="17532" status="PASS">
          <reporter-output>
          </reporter-output>
        </test-method> <!-- setUp -->
        <test-method signature="verifyContactsLabel()[pri:1, instance:testcases.ContactsPageTest@243c4f91]" started-at="2023-01-14T20:26:27 EST" name="verifyContactsLabel" finished-at="2023-01-14T20:26:27 EST" duration-ms="85" status="PASS">
          <reporter-output>
          </reporter-output>
        </test-method> <!-- verifyContactsLabel -->
        <test-method is-config="true" signature="closeBrowser()[pri:0, instance:testcases.ContactsPageTest@243c4f91]" started-at="2023-01-14T20:26:27 EST" name="closeBrowser" finished-at="2023-01-14T20:26:28 EST" duration-ms="780" status="PASS">
          <reporter-output>
          </reporter-output>
        </test-method> <!-- closeBrowser -->
        <test-method is-config="true" signature="setUp()[pri:0, instance:testcases.ContactsPageTest@243c4f91]" started-at="2023-01-14T20:26:28 EST" name="setUp" finished-at="2023-01-14T20:26:46 EST" duration-ms="18661" status="PASS">
          <reporter-output>
          </reporter-output>
        </test-method> <!-- setUp -->
        <test-method signature="createNewContact()[pri:3, instance:testcases.ContactsPageTest@243c4f91]" started-at="2023-01-14T20:26:46 EST" name="createNewContact" finished-at="2023-01-14T20:26:48 EST" duration-ms="1622" status="FAIL">
          <exception class="org.openqa.selenium.InvalidSelectorException">
            <message>
              <![CDATA[Given xpath expression "//a[contains(text(),'Andrew shaw']" is invalid: SyntaxError: Document.evaluate: The expression is not a legal expression
For documentation on this error, please visit: https://www.seleniumhq.org/exceptions/invalid_selector_exception.html
Build info: version: '3.141.59', revision: 'e82be7d358', time: '2018-11-14T08:17:03'
System info: host: 'LAPTOP-O9J5C208', ip: '192.168.126.1', os.name: 'Windows 10', os.arch: 'amd64', os.version: '10.0', java.version: '16.0.2'
Driver info: org.openqa.selenium.firefox.FirefoxDriver
Capabilities {acceptInsecureCerts: true, browserName: firefox, browserVersion: 108.0.2, javascriptEnabled: true, moz:accessibilityChecks: false, moz:buildID: 20230104165113, moz:geckodriverVersion: 0.31.0, moz:headless: false, moz:platformVersion: 10.0, moz:processID: 11956, moz:profile: C:\Users\arpit\AppData\Loca..., moz:shutdownTimeout: 60000, moz:useNonSpecCompliantPointerOrigin: false, moz:webdriverClick: true, moz:windowless: false, pageLoadStrategy: normal, platform: WINDOWS, platformName: WINDOWS, proxy: Proxy(), setWindowRect: true, strictFileInteractability: false, timeouts: {implicit: 0, pageLoad: 300000, script: 30000}, unhandledPromptBehavior: dismiss and notify}
Session ID: 1047da5a-666d-490f-8430-d4d3e7f47dbf
*** Element info: {Using=xpath, value=//a[contains(text(),'Andrew shaw']}]]>
            </message>
            <full-stacktrace>
              <![CDATA[org.openqa.selenium.InvalidSelectorException: Given xpath expression "//a[contains(text(),'Andrew shaw']" is invalid: SyntaxError: Document.evaluate: The expression is not a legal expression
For documentation on this error, please visit: https://www.seleniumhq.org/exceptions/invalid_selector_exception.html
Build info: version: '3.141.59', revision: 'e82be7d358', time: '2018-11-14T08:17:03'
System info: host: 'LAPTOP-O9J5C208', ip: '192.168.126.1', os.name: 'Windows 10', os.arch: 'amd64', os.version: '10.0', java.version: '16.0.2'
Driver info: org.openqa.selenium.firefox.FirefoxDriver
Capabilities {acceptInsecureCerts: true, browserName: firefox, browserVersion: 108.0.2, javascriptEnabled: true, moz:accessibilityChecks: false, moz:buildID: 20230104165113, moz:geckodriverVersion: 0.31.0, moz:headless: false, moz:platformVersion: 10.0, moz:processID: 11956, moz:profile: C:\Users\arpit\AppData\Loca..., moz:shutdownTimeout: 60000, moz:useNonSpecCompliantPointerOrigin: false, moz:webdriverClick: true, moz:windowless: false, pageLoadStrategy: normal, platform: WINDOWS, platformName: WINDOWS, proxy: Proxy(), setWindowRect: true, strictFileInteractability: false, timeouts: {implicit: 0, pageLoad: 300000, script: 30000}, unhandledPromptBehavior: dismiss and notify}
Session ID: 1047da5a-666d-490f-8430-d4d3e7f47dbf
*** Element info: {Using=xpath, value=//a[contains(text(),'Andrew shaw']}
at java.base/jdk.internal.reflect.NativeConstructorAccessorImpl.newInstance0(Native Method)
at java.base/jdk.internal.reflect.NativeConstructorAccessorImpl.newInstance(NativeConstructorAccessorImpl.java:78)
at java.base/jdk.internal.reflect.DelegatingConstructorAccessorImpl.newInstance(DelegatingConstructorAccessorImpl.java:45)
at java.base/java.lang.reflect.Constructor.newInstanceWithCaller(Constructor.java:499)
at java.base/java.lang.reflect.Constructor.newInstance(Constructor.java:480)
at org.openqa.selenium.remote.http.W3CHttpResponseCodec.createException(W3CHttpResponseCodec.java:187)
at org.openqa.selenium.remote.http.W3CHttpResponseCodec.decode(W3CHttpResponseCodec.java:122)
at org.openqa.selenium.remote.http.W3CHttpResponseCodec.decode(W3CHttpResponseCodec.java:49)
at org.openqa.selenium.remote.HttpCommandExecutor.execute(HttpCommandExecutor.java:158)
at org.openqa.selenium.remote.service.DriverCommandExecutor.execute(DriverCommandExecutor.java:83)
at org.openqa.selenium.remote.RemoteWebDriver.execute(RemoteWebDriver.java:552)
at org.openqa.selenium.remote.RemoteWebDriver.findElement(RemoteWebDriver.java:323)
at org.openqa.selenium.remote.RemoteWebDriver.findElementByXPath(RemoteWebDriver.java:428)
at org.openqa.selenium.By$ByXPath.findElement(By.java:353)
at org.openqa.selenium.remote.RemoteWebDriver.findElement(RemoteWebDriver.java:315)
at jdk.internal.reflect.GeneratedMethodAccessor3.invoke(Unknown Source)
at java.base/jdk.internal.reflect.DelegatingMethodAccessorImpl.invoke(DelegatingMethodAccessorImpl.java:43)
at java.base/java.lang.reflect.Method.invoke(Method.java:567)
at org.openqa.selenium.support.events.EventFiringWebDriver.lambda$new$1(EventFiringWebDriver.java:105)
at jdk.proxy2/jdk.proxy2.$Proxy11.findElement(Unknown Source)
at org.openqa.selenium.support.events.EventFiringWebDriver.findElement(EventFiringWebDriver.java:194)
at pages.ContactsPage.newContactCreated(ContactsPage.java:68)
at testcases.ContactsPageTest.createNewContact(ContactsPageTest.java:60)
at java.base/jdk.internal.reflect.NativeMethodAccessorImpl.invoke0(Native Method)
at java.base/jdk.internal.reflect.NativeMethodAccessorImpl.invoke(NativeMethodAccessorImpl.java:78)
at java.base/jdk.internal.reflect.DelegatingMethodAccessorImpl.invoke(DelegatingMethodAccessorImpl.java:43)
at java.base/java.lang.reflect.Method.invoke(Method.java:567)
at org.testng.internal.MethodInvocationHelper.invokeMethod(MethodInvocationHelper.java:133)
at org.testng.internal.TestInvoker.invokeMethod(TestInvoker.java:598)
at org.testng.internal.TestInvoker.invokeTestMethod(TestInvoker.java:173)
at org.testng.internal.MethodRunner.runInSequence(MethodRunner.java:46)
at org.testng.internal.TestInvoker$MethodInvocationAgent.invoke(TestInvoker.java:824)
at org.testng.internal.TestInvoker.invokeTestMethods(TestInvoker.java:146)
at org.testng.internal.TestMethodWorker.invokeTestMethods(TestMethodWorker.java:146)
at org.testng.internal.TestMethodWorker.run(TestMethodWorker.java:128)
at java.base/java.util.ArrayList.forEach(ArrayList.java:1511)
at org.testng.TestRunner.privateRun(TestRunner.java:794)
at org.testng.TestRunner.run(TestRunner.java:596)
at org.testng.SuiteRunner.runTest(SuiteRunner.java:377)
at org.testng.SuiteRunner.runSequentially(SuiteRunner.java:371)
at org.testng.SuiteRunner.privateRun(SuiteRunner.java:332)
at org.testng.SuiteRunner.run(SuiteRunner.java:276)
at org.testng.SuiteRunnerWorker.runSuite(SuiteRunnerWorker.java:53)
at org.testng.SuiteRunnerWorker.run(SuiteRunnerWorker.java:96)
at org.testng.TestNG.runSuitesSequentially(TestNG.java:1212)
at org.testng.TestNG.runSuitesLocally(TestNG.java:1134)
at org.testng.TestNG.runSuites(TestNG.java:1063)
at org.testng.TestNG.run(TestNG.java:1031)
at org.testng.remote.AbstractRemoteTestNG.run(AbstractRemoteTestNG.java:115)
at org.testng.remote.RemoteTestNG.initAndRun(RemoteTestNG.java:251)
at org.testng.remote.RemoteTestNG.main(RemoteTestNG.java:77)
]]>
            </full-stacktrace>
          </exception> <!-- org.openqa.selenium.InvalidSelectorException -->
          <reporter-output>
          </reporter-output>
        </test-method> <!-- createNewContact -->
        <test-method is-config="true" signature="closeBrowser()[pri:0, instance:testcases.ContactsPageTest@243c4f91]" started-at="2023-01-14T20:26:48 EST" name="closeBrowser" finished-at="2023-01-14T20:26:49 EST" duration-ms="807" status="PASS">
          <reporter-output>
          </reporter-output>
        </test-method> <!-- closeBrowser -->
        <test-method signature="createNewContact(java.lang.String,java.lang.String,java.lang.String,java.lang.String)[pri:4, instance:testcases.ContactsPageTest@243c4f91]" started-at="2023-01-14T20:26:49 EST" name="createNewContact" data-provider="getContactsTestData" finished-at="2023-01-14T20:26:49 EST" duration-ms="0" status="SKIP">
          <exception class="java.lang.RuntimeException">
            <message>
              <![CDATA[java.lang.NoClassDefFoundError: org/apache/commons/io/output/UnsynchronizedByteArrayOutputStream]]>
            </message>
            <full-stacktrace>
              <![CDATA[java.lang.RuntimeException: java.lang.NoClassDefFoundError: org/apache/commons/io/output/UnsynchronizedByteArrayOutputStream
at org.testng.internal.MethodInvocationHelper.invokeMethodNoCheckedException(MethodInvocationHelper.java:50)
at org.testng.internal.MethodInvocationHelper.invokeDataProvider(MethodInvocationHelper.java:146)
at org.testng.internal.Parameters.handleParameters(Parameters.java:798)
at org.testng.internal.Parameters.handleParameters(Parameters.java:740)
at org.testng.internal.ParameterHandler.handleParameters(ParameterHandler.java:59)
at org.testng.internal.ParameterHandler.createParameters(ParameterHandler.java:38)
at org.testng.internal.TestInvoker$MethodInvocationAgent.invoke(TestInvoker.java:791)
at org.testng.internal.TestInvoker.invokeTestMethods(TestInvoker.java:146)
at org.testng.internal.TestMethodWorker.invokeTestMethods(TestMethodWorker.java:146)
at org.testng.internal.TestMethodWorker.run(TestMethodWorker.java:128)
at java.base/java.util.ArrayList.forEach(ArrayList.java:1511)
at org.testng.TestRunner.privateRun(TestRunner.java:794)
at org.testng.TestRunner.run(TestRunner.java:596)
at org.testng.SuiteRunner.runTest(SuiteRunner.java:377)
at org.testng.SuiteRunner.runSequentially(SuiteRunner.java:371)
at org.testng.SuiteRunner.privateRun(SuiteRunner.java:332)
at org.testng.SuiteRunner.run(SuiteRunner.java:276)
at org.testng.SuiteRunnerWorker.runSuite(SuiteRunnerWorker.java:53)
at org.testng.SuiteRunnerWorker.run(SuiteRunnerWorker.java:96)
at org.testng.TestNG.runSuitesSequentially(TestNG.java:1212)
at org.testng.TestNG.runSuitesLocally(TestNG.java:1134)
at org.testng.TestNG.runSuites(TestNG.java:1063)
at org.testng.TestNG.run(TestNG.java:1031)
at org.testng.remote.AbstractRemoteTestNG.run(AbstractRemoteTestNG.java:115)
at org.testng.remote.RemoteTestNG.initAndRun(RemoteTestNG.java:251)
at org.testng.remote.RemoteTestNG.main(RemoteTestNG.java:77)
Caused by: java.lang.NoClassDefFoundError: org/apache/commons/io/output/UnsynchronizedByteArrayOutputStream
at org.apache.poi.poifs.filesystem.FileMagic.valueOf(FileMagic.java:209)
at org.apache.poi.ss.usermodel.WorkbookFactory.create(WorkbookFactory.java:222)
at org.apache.poi.ss.usermodel.WorkbookFactory.create(WorkbookFactory.java:185)
at utiles.TestUtil.getTestData(TestUtil.java:39)
at testcases.ContactsPageTest.getContactsTestData(ContactsPageTest.java:67)
at java.base/jdk.internal.reflect.NativeMethodAccessorImpl.invoke0(Native Method)
at java.base/jdk.internal.reflect.NativeMethodAccessorImpl.invoke(NativeMethodAccessorImpl.java:78)
at java.base/jdk.internal.reflect.DelegatingMethodAccessorImpl.invoke(DelegatingMethodAccessorImpl.java:43)
at java.base/java.lang.reflect.Method.invoke(Method.java:567)
at org.testng.internal.MethodInvocationHelper.invokeMethod(MethodInvocationHelper.java:133)
at org.testng.internal.MethodInvocationHelper.invokeMethod(MethodInvocationHelper.java:77)
at org.testng.internal.MethodInvocationHelper.invokeMethodNoCheckedException(MethodInvocationHelper.java:46)
... 25 more
Caused by: java.lang.ClassNotFoundException: org.apache.commons.io.output.UnsynchronizedByteArrayOutputStream
at java.base/jdk.internal.loader.BuiltinClassLoader.loadClass(BuiltinClassLoader.java:636)
at java.base/jdk.internal.loader.ClassLoaders$AppClassLoader.loadClass(ClassLoaders.java:182)
at java.base/java.lang.ClassLoader.loadClass(ClassLoader.java:519)
... 37 more
]]>
            </full-stacktrace>
          </exception> <!-- java.lang.RuntimeException -->
          <reporter-output>
          </reporter-output>
        </test-method> <!-- createNewContact -->
      </class> <!-- testcases.ContactsPageTest -->
      <class name="testcases.HomePageTest">
        <test-method is-config="true" signature="setUp()[pri:0, instance:testcases.HomePageTest@7722c3c3]" started-at="2023-01-14T20:25:14 EST" name="setUp" finished-at="2023-01-14T20:25:33 EST" duration-ms="18572" status="PASS">
          <reporter-output>
          </reporter-output>
        </test-method> <!-- setUp -->
        <test-method signature="verifyHomePageTitle()[pri:1, instance:testcases.HomePageTest@7722c3c3]" started-at="2023-01-14T20:25:33 EST" name="verifyHomePageTitle" finished-at="2023-01-14T20:25:33 EST" duration-ms="10" status="PASS">
          <reporter-output>
          </reporter-output>
        </test-method> <!-- verifyHomePageTitle -->
        <test-method is-config="true" signature="closeBrowser()[pri:0, instance:testcases.HomePageTest@7722c3c3]" started-at="2023-01-14T20:25:33 EST" name="closeBrowser" finished-at="2023-01-14T20:25:34 EST" duration-ms="776" status="PASS">
          <reporter-output>
          </reporter-output>
        </test-method> <!-- closeBrowser -->
        <test-method is-config="true" signature="setUp()[pri:0, instance:testcases.HomePageTest@7722c3c3]" started-at="2023-01-14T20:25:34 EST" name="setUp" finished-at="2023-01-14T20:25:50 EST" duration-ms="16463" status="PASS">
          <reporter-output>
          </reporter-output>
        </test-method> <!-- setUp -->
        <test-method signature="checkUserLabel()[pri:2, instance:testcases.HomePageTest@7722c3c3]" started-at="2023-01-14T20:25:50 EST" name="checkUserLabel" finished-at="2023-01-14T20:25:51 EST" duration-ms="530" status="PASS">
          <reporter-output>
          </reporter-output>
        </test-method> <!-- checkUserLabel -->
        <test-method is-config="true" signature="closeBrowser()[pri:0, instance:testcases.HomePageTest@7722c3c3]" started-at="2023-01-14T20:25:51 EST" name="closeBrowser" finished-at="2023-01-14T20:25:51 EST" duration-ms="681" status="PASS">
          <reporter-output>
          </reporter-output>
        </test-method> <!-- closeBrowser -->
        <test-method is-config="true" signature="setUp()[pri:0, instance:testcases.HomePageTest@7722c3c3]" started-at="2023-01-14T20:25:51 EST" name="setUp" finished-at="2023-01-14T20:26:08 EST" duration-ms="16735" status="PASS">
          <reporter-output>
          </reporter-output>
        </test-method> <!-- setUp -->
        <test-method signature="checkTrialLabel()[pri:3, instance:testcases.HomePageTest@7722c3c3]" started-at="2023-01-14T20:26:08 EST" name="checkTrialLabel" finished-at="2023-01-14T20:26:08 EST" duration-ms="527" status="PASS">
          <reporter-output>
          </reporter-output>
        </test-method> <!-- checkTrialLabel -->
        <test-method is-config="true" signature="closeBrowser()[pri:0, instance:testcases.HomePageTest@7722c3c3]" started-at="2023-01-14T20:26:08 EST" name="closeBrowser" finished-at="2023-01-14T20:26:09 EST" duration-ms="779" status="PASS">
          <reporter-output>
          </reporter-output>
        </test-method> <!-- closeBrowser -->
      </class> <!-- testcases.HomePageTest -->
      <class name="testcases.LoginPageTest">
        <test-method is-config="true" signature="setUp()[pri:0, instance:testcases.LoginPageTest@19bb07ed]" started-at="2023-01-14T20:23:41 EST" name="setUp" finished-at="2023-01-14T20:23:59 EST" duration-ms="18426" status="PASS">
          <reporter-output>
          </reporter-output>
        </test-method> <!-- setUp -->
        <test-method signature="getLoginTitle()[pri:1, instance:testcases.LoginPageTest@19bb07ed]" started-at="2023-01-14T20:23:59 EST" name="getLoginTitle" finished-at="2023-01-14T20:23:59 EST" duration-ms="12" status="PASS">
          <reporter-output>
          </reporter-output>
        </test-method> <!-- getLoginTitle -->
        <test-method is-config="true" signature="closebrowser()[pri:0, instance:testcases.LoginPageTest@19bb07ed]" started-at="2023-01-14T20:23:59 EST" name="closebrowser" finished-at="2023-01-14T20:24:00 EST" duration-ms="729" status="PASS">
          <reporter-output>
          </reporter-output>
        </test-method> <!-- closebrowser -->
        <test-method is-config="true" signature="setUp()[pri:0, instance:testcases.LoginPageTest@19bb07ed]" started-at="2023-01-14T20:24:00 EST" name="setUp" finished-at="2023-01-14T20:24:18 EST" duration-ms="17916" status="PASS">
          <reporter-output>
          </reporter-output>
        </test-method> <!-- setUp -->
        <test-method signature="loginWithoutEmail()[pri:2, instance:testcases.LoginPageTest@19bb07ed]" started-at="2023-01-14T20:24:18 EST" name="loginWithoutEmail" finished-at="2023-01-14T20:24:18 EST" duration-ms="559" status="PASS">
          <reporter-output>
          </reporter-output>
        </test-method> <!-- loginWithoutEmail -->
        <test-method is-config="true" signature="closebrowser()[pri:0, instance:testcases.LoginPageTest@19bb07ed]" started-at="2023-01-14T20:24:18 EST" name="closebrowser" finished-at="2023-01-14T20:24:19 EST" duration-ms="832" status="PASS">
          <reporter-output>
          </reporter-output>
        </test-method> <!-- closebrowser -->
        <test-method is-config="true" signature="setUp()[pri:0, instance:testcases.LoginPageTest@19bb07ed]" started-at="2023-01-14T20:24:19 EST" name="setUp" finished-at="2023-01-14T20:24:36 EST" duration-ms="17335" status="PASS">
          <reporter-output>
          </reporter-output>
        </test-method> <!-- setUp -->
        <test-method signature="loginWithoutPassword()[pri:3, instance:testcases.LoginPageTest@19bb07ed]" started-at="2023-01-14T20:24:36 EST" name="loginWithoutPassword" finished-at="2023-01-14T20:24:37 EST" duration-ms="692" status="PASS">
          <reporter-output>
          </reporter-output>
        </test-method> <!-- loginWithoutPassword -->
        <test-method is-config="true" signature="closebrowser()[pri:0, instance:testcases.LoginPageTest@19bb07ed]" started-at="2023-01-14T20:24:37 EST" name="closebrowser" finished-at="2023-01-14T20:24:38 EST" duration-ms="721" status="PASS">
          <reporter-output>
          </reporter-output>
        </test-method> <!-- closebrowser -->
        <test-method is-config="true" signature="setUp()[pri:0, instance:testcases.LoginPageTest@19bb07ed]" started-at="2023-01-14T20:24:38 EST" name="setUp" finished-at="2023-01-14T20:24:54 EST" duration-ms="16209" status="PASS">
          <reporter-output>
          </reporter-output>
        </test-method> <!-- setUp -->
        <test-method signature="loginWithoutEmailAndPassword()[pri:4, instance:testcases.LoginPageTest@19bb07ed]" started-at="2023-01-14T20:24:54 EST" name="loginWithoutEmailAndPassword" finished-at="2023-01-14T20:24:55 EST" duration-ms="614" status="PASS">
          <reporter-output>
          </reporter-output>
        </test-method> <!-- loginWithoutEmailAndPassword -->
        <test-method is-config="true" signature="closebrowser()[pri:0, instance:testcases.LoginPageTest@19bb07ed]" started-at="2023-01-14T20:24:55 EST" name="closebrowser" finished-at="2023-01-14T20:24:55 EST" duration-ms="832" status="PASS">
          <reporter-output>
          </reporter-output>
        </test-method> <!-- closebrowser -->
        <test-method is-config="true" signature="setUp()[pri:0, instance:testcases.LoginPageTest@19bb07ed]" started-at="2023-01-14T20:24:55 EST" name="setUp" finished-at="2023-01-14T20:25:13 EST" duration-ms="17523" status="PASS">
          <reporter-output>
          </reporter-output>
        </test-method> <!-- setUp -->
        <test-method signature="loginWithCorrectEmailAndPassword()[pri:5, instance:testcases.LoginPageTest@19bb07ed]" started-at="2023-01-14T20:25:13 EST" name="loginWithCorrectEmailAndPassword" finished-at="2023-01-14T20:25:13 EST" duration-ms="344" status="PASS">
          <reporter-output>
          </reporter-output>
        </test-method> <!-- loginWithCorrectEmailAndPassword -->
        <test-method is-config="true" signature="closebrowser()[pri:0, instance:testcases.LoginPageTest@19bb07ed]" started-at="2023-01-14T20:25:13 EST" name="closebrowser" finished-at="2023-01-14T20:25:14 EST" duration-ms="823" status="PASS">
          <reporter-output>
          </reporter-output>
        </test-method> <!-- closebrowser -->
      </class> <!-- testcases.LoginPageTest -->
    </test> <!-- CRM application automation test case -->
  </suite> <!-- Suite -->
</testng-results>
